250301 250301 dayHhmm=07:30
=====
250302 250302 dayHhmm=00:55
=====
250303 250303 dayHhmm=07:05
=====
250304 250304 dayHhmm=07:35
=====
250305 250305 dayHhmm=06:15
=====
250306 250306 dayHhmm=07:05
=====
250307 250307 dayHhmm=07:10
=====
250308 250308 dayHhmm=06:45
=====
250309 250309 dayHhmm=07:00
=====
250310 250310 dayHhmm=06:30
=====
250311 250311 dayHhmm=05:40
=====
250312 250312 dayHhmm=06:35
=====
250313 250313 dayHhmm=06:05
=====
250314 250314 dayHhmm=06:05
=====
250315 250315 dayHhmm=10:25
=====
250316 250316 dayHhmm=08:40
=====
250317 250317 dayHhmm=06:05
=====
250318 250318 dayHhmm=08:15
=====
250319 250319 dayHhmm=06:55
=====
250320 250320 dayHhmm=06:35
=====
250321 250321 dayHhmm=07:25
=====
250322 250322 dayHhmm=06:50
=====
250323 250323 dayHhmm=07:55
=====
250324 250324 dayHhmm=06:25
=====
250325 250325 dayHhmm=07:15
=====
250326 250326 dayHhmm=06:30
=====
250327 250327 dayHhmm=03:15
=====
250328 250328 dayHhmm=08:00
=====
250329 250329 dayHhmm=05:05
=====
250330 250330 dayHhmm=05:40
=====
250331 250331 dayHhmm=04:10
=====
Month total hhmm = 20340 in 31 days
Month total hours = 203.667 
Max for 7hours a day = 217 hours
Month missing hours = 13.3333 hours
Percentage of GBP200 to return = 6.14439%
At GBPPKR=360, to return is PKR 4423.96
